[debug] [2023-02-03T15:35:28.856Z] ----------------------------------------------------------------------
[debug] [2023-02-03T15:35:28.857Z] Command:       C:\Program Files\nodejs\node.exe C:\Users\macab\AppData\Roaming\npm\node_modules\firebase-tools\lib\bin\firebase.js init
[debug] [2023-02-03T15:35:28.858Z] CLI Version:   11.22.0
[debug] [2023-02-03T15:35:28.858Z] Platform:      win32
[debug] [2023-02-03T15:35:28.858Z] Node Version:  v16.15.0
[debug] [2023-02-03T15:35:28.859Z] Time:          Fri Feb 03 2023 12:35:28 GMT-0300 (hora estándar de Argentina)
[debug] [2023-02-03T15:35:28.860Z] ----------------------------------------------------------------------
[debug] 
[debug] [2023-02-03T15:35:28.960Z] > command requires scopes: ["email","openid","https://www.googleapis.com/auth/cloudplatformprojects.readonly","https://www.googleapis.com/auth/firebase","https://www.googleapis.com/auth/cloud-platform"]
[debug] [2023-02-03T15:35:28.960Z] > authorizing via signed-in user (maca.b.rodriguez@gmail.com)
[info] 
     ######## #### ########  ######## ########     ###     ######  ########
     ##        ##  ##     ## ##       ##     ##  ##   ##  ##       ##
     ######    ##  ########  ######   ########  #########  ######  ######
     ##        ##  ##    ##  ##       ##     ## ##     ##       ## ##
     ##       #### ##     ## ######## ########  ##     ##  ######  ########

You're about to initialize a Firebase project in this directory:

  C:\Users\macab\OneDrive\Escritorio\Cositas\Programacion\ArgentinaPrograma\ArgProg\portfolio_ArgentinaPrograma\Front_end

Before we get started, keep in mind:

  * You are initializing within an existing Firebase project directory

[info] 
=== Project Setup
[info] 
[info] First, let's associate this project directory with a Firebase project.
[info] You can create multiple project aliases by running firebase use --add, 
[info] but for now we'll just set up a default project.
[info] 
[debug] [2023-02-03T15:35:39.667Z] Using project from CLI flag: portfolio-argentinaprogr-7832c
[debug] [2023-02-03T15:35:39.669Z] > refreshing access token with scopes: []
[debug] [2023-02-03T15:35:39.670Z] >>> [apiv2][query] POST https://www.googleapis.com/oauth2/v3/token [none]
[debug] [2023-02-03T15:35:39.670Z] >>> [apiv2][body] POST https://www.googleapis.com/oauth2/v3/token [omitted]
[debug] [2023-02-03T15:35:39.965Z] <<< [apiv2][status] POST https://www.googleapis.com/oauth2/v3/token 400
[debug] [2023-02-03T15:35:39.965Z] <<< [apiv2][body] POST https://www.googleapis.com/oauth2/v3/token [omitted]
[debug] [2023-02-03T15:35:39.965Z] >>> [apiv2][query] GET https://firebase.googleapis.com/v1beta1/projects/portfolio-argentinaprogr-7832c [none]
[debug] [2023-02-03T15:35:40.210Z] <<< [apiv2][status] GET https://firebase.googleapis.com/v1beta1/projects/portfolio-argentinaprogr-7832c 401
[debug] [2023-02-03T15:35:40.211Z] <<< [apiv2][body] GET https://firebase.googleapis.com/v1beta1/projects/portfolio-argentinaprogr-7832c {"error":{"code":401,"message":"Request had invalid authentication credentials. Expected OAuth 2 access token, login cookie or other valid authentication credential. See https://developers.google.com/identity/sign-in/web/devconsole-project.","status":"UNAUTHENTICATED"}}
[debug] [2023-02-03T15:35:40.211Z] HTTP Error: 401, Request had invalid authentication credentials. Expected OAuth 2 access token, login cookie or other valid authentication credential. See https://developers.google.com/identity/sign-in/web/devconsole-project.
[debug] [2023-02-03T15:35:40.421Z] FirebaseError: HTTP Error: 401, Request had invalid authentication credentials. Expected OAuth 2 access token, login cookie or other valid authentication credential. See https://developers.google.com/identity/sign-in/web/devconsole-project.
    at responseToError (C:\Users\macab\AppData\Roaming\npm\node_modules\firebase-tools\lib\responseToError.js:49:12)
    at RetryOperation._fn (C:\Users\macab\AppData\Roaming\npm\node_modules\firebase-tools\lib\apiv2.js:288:77)
    at processTicksAndRejections (node:internal/process/task_queues:96:5)
[error] 
[error] Error: Failed to get Firebase project portfolio-argentinaprogr-7832c. Please make sure the project exists and your account has permission to access it.
